<?xml version="1.0" encoding="UTF-8"?>
<!-- Generated by org.testng.reporters.JUnitXMLReporter -->
<testsuite ignored="0" hostname="GGKU5DELL1896" failures="0" tests="4" name="Selenium" time="0.419" errors="0" timestamp="2024-10-23T15:51:52 IST">
  <testcase classname="TestNG.TestNGReportExample.ReportExample" name="testMethod1" time="0.035"/>
  <testcase classname="TestNG.TestNGReportExample.ReportExample" name="testMethod2" time="0.011"/>
  <testcase classname="TestNG.TestNGReportExample.ReportExample" name="testMethod3" time="0.004"/>
  <testcase classname="TestNG.TestNGReportExample.ReportExample" name="testMethod4" time="0.003"/>
</testsuite> <!-- Selenium -->
