<?xml version="1.0" encoding="UTF-8"?>
<!-- Generated by org.testng.reporters.JUnitXMLReporter -->
<testsuite ignored="0" hostname="GGKU5DELL1896" failures="0" tests="9" name="Selenium_Pluralsight" time="22.389" errors="0" timestamp="2024-07-08T17:03:40 IST">
  <testcase classname="SelectorsTest" name="byClass" time="1.907"/>
  <testcase classname="SelectorsTest" name="byCssSelector" time="5.335"/>
  <testcase classname="SelectorsTest" name="byCssSelector_2" time="5.451"/>
  <testcase classname="SelectorsTest" name="byId" time="1.355"/>
  <testcase classname="SelectorsTest" name="byLinkText" time="1.362"/>
  <testcase classname="SelectorsTest" name="byPartialLinkText" time="1.336"/>
  <testcase classname="SelectorsTest" name="byTagName" time="1.399"/>
  <testcase classname="SelectorsTest" name="byXpath" time="1.421"/>
  <testcase classname="SelectorsTest" name="byXpath_2" time="1.409"/>
</testsuite> <!-- Selenium_Pluralsight -->
