<?xml version="1.0" encoding="UTF-8"?>
<testng-results ignored="0" total="9" passed="9" failed="0" skipped="0">
  <reporter-output>
  </reporter-output>
  <suite started-at="2024-07-08T17:03:17 IST" name="Default Suite" finished-at="2024-07-08T17:03:40 IST" duration-ms="22389">
    <groups>
    </groups>
    <test started-at="2024-07-08T17:03:17 IST" name="Selenium_Pluralsight" finished-at="2024-07-08T17:03:40 IST" duration-ms="22389">
      <class name="SelectorsTest">
        <test-method signature="byClass()[pri:0, instance:SelectorsTest@4b44655e]" started-at="2024-07-08T17:03:17 IST" name="byClass" finished-at="2024-07-08T17:03:19 IST" duration-ms="1907" status="PASS">
          <reporter-output>
          </reporter-output>
        </test-method> <!-- byClass -->
        <test-method is-config="true" signature="cleanUp()[pri:0, instance:SelectorsTest@4b44655e]" started-at="2024-07-08T17:03:19 IST" name="cleanUp" finished-at="2024-07-08T17:03:20 IST" duration-ms="190" status="PASS">
          <reporter-output>
          </reporter-output>
        </test-method> <!-- cleanUp -->
        <test-method signature="byCssSelector()[pri:0, instance:SelectorsTest@4b44655e]" started-at="2024-07-08T17:03:20 IST" name="byCssSelector" finished-at="2024-07-08T17:03:25 IST" duration-ms="5335" status="PASS">
          <reporter-output>
          </reporter-output>
        </test-method> <!-- byCssSelector -->
        <test-method is-config="true" signature="cleanUp()[pri:0, instance:SelectorsTest@4b44655e]" started-at="2024-07-08T17:03:25 IST" name="cleanUp" finished-at="2024-07-08T17:03:25 IST" duration-ms="156" status="PASS">
          <reporter-output>
          </reporter-output>
        </test-method> <!-- cleanUp -->
        <test-method signature="byCssSelector_2()[pri:0, instance:SelectorsTest@4b44655e]" started-at="2024-07-08T17:03:25 IST" name="byCssSelector_2" finished-at="2024-07-08T17:03:30 IST" duration-ms="5451" status="PASS">
          <reporter-output>
          </reporter-output>
        </test-method> <!-- byCssSelector_2 -->
        <test-method is-config="true" signature="cleanUp()[pri:0, instance:SelectorsTest@4b44655e]" started-at="2024-07-08T17:03:30 IST" name="cleanUp" finished-at="2024-07-08T17:03:31 IST" duration-ms="167" status="PASS">
          <reporter-output>
          </reporter-output>
        </test-method> <!-- cleanUp -->
        <test-method signature="byId()[pri:0, instance:SelectorsTest@4b44655e]" started-at="2024-07-08T17:03:31 IST" name="byId" finished-at="2024-07-08T17:03:32 IST" duration-ms="1355" status="PASS">
          <reporter-output>
          </reporter-output>
        </test-method> <!-- byId -->
        <test-method is-config="true" signature="cleanUp()[pri:0, instance:SelectorsTest@4b44655e]" started-at="2024-07-08T17:03:32 IST" name="cleanUp" finished-at="2024-07-08T17:03:32 IST" duration-ms="137" status="PASS">
          <reporter-output>
          </reporter-output>
        </test-method> <!-- cleanUp -->
        <test-method signature="byLinkText()[pri:0, instance:SelectorsTest@4b44655e]" started-at="2024-07-08T17:03:32 IST" name="byLinkText" finished-at="2024-07-08T17:03:33 IST" duration-ms="1362" status="PASS">
          <reporter-output>
          </reporter-output>
        </test-method> <!-- byLinkText -->
        <test-method is-config="true" signature="cleanUp()[pri:0, instance:SelectorsTest@4b44655e]" started-at="2024-07-08T17:03:33 IST" name="cleanUp" finished-at="2024-07-08T17:03:34 IST" duration-ms="158" status="PASS">
          <reporter-output>
          </reporter-output>
        </test-method> <!-- cleanUp -->
        <test-method signature="byPartialLinkText()[pri:0, instance:SelectorsTest@4b44655e]" started-at="2024-07-08T17:03:34 IST" name="byPartialLinkText" finished-at="2024-07-08T17:03:35 IST" duration-ms="1336" status="PASS">
          <reporter-output>
          </reporter-output>
        </test-method> <!-- byPartialLinkText -->
        <test-method is-config="true" signature="cleanUp()[pri:0, instance:SelectorsTest@4b44655e]" started-at="2024-07-08T17:03:35 IST" name="cleanUp" finished-at="2024-07-08T17:03:35 IST" duration-ms="134" status="PASS">
          <reporter-output>
          </reporter-output>
        </test-method> <!-- cleanUp -->
        <test-method signature="byTagName()[pri:0, instance:SelectorsTest@4b44655e]" started-at="2024-07-08T17:03:35 IST" name="byTagName" finished-at="2024-07-08T17:03:37 IST" duration-ms="1399" status="PASS">
          <reporter-output>
          </reporter-output>
        </test-method> <!-- byTagName -->
        <test-method is-config="true" signature="cleanUp()[pri:0, instance:SelectorsTest@4b44655e]" started-at="2024-07-08T17:03:37 IST" name="cleanUp" finished-at="2024-07-08T17:03:37 IST" duration-ms="145" status="PASS">
          <reporter-output>
          </reporter-output>
        </test-method> <!-- cleanUp -->
        <test-method signature="byXpath()[pri:0, instance:SelectorsTest@4b44655e]" started-at="2024-07-08T17:03:37 IST" name="byXpath" finished-at="2024-07-08T17:03:38 IST" duration-ms="1421" status="PASS">
          <reporter-output>
          </reporter-output>
        </test-method> <!-- byXpath -->
        <test-method is-config="true" signature="cleanUp()[pri:0, instance:SelectorsTest@4b44655e]" started-at="2024-07-08T17:03:38 IST" name="cleanUp" finished-at="2024-07-08T17:03:38 IST" duration-ms="156" status="PASS">
          <reporter-output>
          </reporter-output>
        </test-method> <!-- cleanUp -->
        <test-method signature="byXpath_2()[pri:0, instance:SelectorsTest@4b44655e]" started-at="2024-07-08T17:03:38 IST" name="byXpath_2" finished-at="2024-07-08T17:03:40 IST" duration-ms="1409" status="PASS">
          <reporter-output>
          </reporter-output>
        </test-method> <!-- byXpath_2 -->
        <test-method is-config="true" signature="cleanUp()[pri:0, instance:SelectorsTest@4b44655e]" started-at="2024-07-08T17:03:40 IST" name="cleanUp" finished-at="2024-07-08T17:03:40 IST" duration-ms="136" status="PASS">
          <reporter-output>
          </reporter-output>
        </test-method> <!-- cleanUp -->
      </class> <!-- SelectorsTest -->
    </test> <!-- Selenium_Pluralsight -->
  </suite> <!-- Default Suite -->
</testng-results>
