<?xml version="1.0" encoding="UTF-8"?>
<testng-results ignored="0" total="4" passed="4" failed="0" skipped="0">
  <reporter-output>
  </reporter-output>
  <suite started-at="2024-10-23T15:51:52 IST" name="Default Suite" finished-at="2024-10-23T15:51:52 IST" duration-ms="419">
    <groups>
    </groups>
    <test started-at="2024-10-23T15:51:52 IST" name="Selenium" finished-at="2024-10-23T15:51:52 IST" duration-ms="419">
      <class name="TestNG.TestNGReportExample.ReportExample">
        <test-method signature="testMethod1()[pri:0, instance:TestNG.TestNGReportExample.ReportExample@33afa13b]" started-at="2024-10-23T15:51:52 IST" name="testMethod1" finished-at="2024-10-23T15:51:52 IST" duration-ms="35" status="PASS">
          <reporter-output>
          </reporter-output>
        </test-method> <!-- testMethod1 -->
        <test-method signature="testMethod2()[pri:0, instance:TestNG.TestNGReportExample.ReportExample@33afa13b]" started-at="2024-10-23T15:51:52 IST" name="testMethod2" finished-at="2024-10-23T15:51:52 IST" duration-ms="11" status="PASS">
          <reporter-output>
          </reporter-output>
        </test-method> <!-- testMethod2 -->
        <test-method signature="testMethod3()[pri:0, instance:TestNG.TestNGReportExample.ReportExample@33afa13b]" started-at="2024-10-23T15:51:52 IST" name="testMethod3" finished-at="2024-10-23T15:51:52 IST" duration-ms="4" status="PASS">
          <reporter-output>
          </reporter-output>
        </test-method> <!-- testMethod3 -->
        <test-method signature="testMethod4()[pri:0, instance:TestNG.TestNGReportExample.ReportExample@33afa13b]" started-at="2024-10-23T15:51:52 IST" name="testMethod4" finished-at="2024-10-23T15:51:52 IST" duration-ms="3" status="PASS">
          <reporter-output>
          </reporter-output>
        </test-method> <!-- testMethod4 -->
      </class> <!-- TestNG.TestNGReportExample.ReportExample -->
    </test> <!-- Selenium -->
  </suite> <!-- Default Suite -->
</testng-results>
